<?xml version="1.0" encoding="UTF-8"?>
<testsuite name="org.apache.tika.parser.pdf.PDFParserTest" time="11.429" tests="47" errors="0" skipped="0" failures="0">
  <properties>
[...]
</properties>
  <testcase name="testOSSpecificEmbeddedFileExtraction" classname="org.apache.tika.parser.pdf.PDFParserTest" time="0.031"/>
  <testcase name="testSignatureInAcroForm" classname="org.apache.tika.parser.pdf.PDFParserTest" time="0.047"/>
  <testcase name="testDisableAutoSpace" classname="org.apache.tika.parser.pdf.PDFParserTest" time="0.078"/>
  <testcase name="testDuplicateOverlappingText" classname="org.apache.tika.parser.pdf.PDFParserTest" time="0.078"/>
  <testcase name="testEmbeddedJPEG" classname="org.apache.tika.parser.pdf.PDFParserTest" time="1.438"/>
  <testcase name="testEmbeddedPDFs" classname="org.apache.tika.parser.pdf.PDFParserTest" time="0.031"/>
  <testcase name="testAnnotations" classname="org.apache.tika.parser.pdf.PDFParserTest" time="0.094"/>
  <testcase name="testBookmarks" classname="org.apache.tika.parser.pdf.PDFParserTest" time="0.015"/>
  <testcase name="testJBIG2OCROnly" classname="org.apache.tika.parser.pdf.PDFParserTest" time="0"/>
  <testcase name="testEmbeddedPDFEmbeddingAnotherDocument" classname="org.apache.tika.parser.pdf.PDFParserTest" time="0.125"/>
  <testcase name="testVersions" classname="org.apache.tika.parser.pdf.PDFParserTest" time="0.172"/>
  <testcase name="testLinks" classname="org.apache.tika.parser.pdf.PDFParserTest" time="0.032"/>
  <testcase name="testXMPMM" classname="org.apache.tika.parser.pdf.PDFParserTest" time="0.047"/>
  <testcase name="testSortByPosition" classname="org.apache.tika.parser.pdf.PDFParserTest" time="0.078"/>
  <testcase name="testEmbeddedFileMarkup" classname="org.apache.tika.parser.pdf.PDFParserTest" time="1.234"/>
  <testcase name="testInitializationOfNonPrimitivesViaConfig" classname="org.apache.tika.parser.pdf.PDFParserTest" time="0"/>
  <testcase name="testEmbeddedFileNameExtraction" classname="org.apache.tika.parser.pdf.PDFParserTest" time="0.031"/>
  <testcase name="testInitializationViaConfig" classname="org.apache.tika.parser.pdf.PDFParserTest" time="0.016"/>
  <testcase name="testEmbeddedFilesInAnnotations" classname="org.apache.tika.parser.pdf.PDFParserTest" time="0.031"/>
  <testcase name="testLegacyAccessChecking" classname="org.apache.tika.parser.pdf.PDFParserTest" time="0.094"/>
  <testcase name="testInlineSelector" classname="org.apache.tika.parser.pdf.PDFParserTest" time="2.078"/>
  <testcase name="testMultipleTitles" classname="org.apache.tika.parser.pdf.PDFParserTest" time="0.032"/>
  <testcase name="testCustomMetadata" classname="org.apache.tika.parser.pdf.PDFParserTest" time="0.015"/>
  <testcase name="testVarious" classname="org.apache.tika.parser.pdf.PDFParserTest" time="0.031"/>
  <testcase name="testMaxLength" classname="org.apache.tika.parser.pdf.PDFParserTest" time="0.016"/>
  <testcase name="testConfiguringMoreParams" classname="org.apache.tika.parser.pdf.PDFParserTest" time="0.156"/>
  <testcase name="testXFAExtractionBasic" classname="org.apache.tika.parser.pdf.PDFParserTest" time="0.079"/>
  <testcase name="testSingleCloseDoc" classname="org.apache.tika.parser.pdf.PDFParserTest" time="0.015"/>
  <testcase name="testAccessCheckingEmptyPassword" classname="org.apache.tika.parser.pdf.PDFParserTest" time="0.047"/>
  <testcase name="testPDFEncodedStringsInXMP" classname="org.apache.tika.parser.pdf.PDFParserTest" time="0.016"/>
  <testcase name="testTwoTextBoxes" classname="org.apache.tika.parser.pdf.PDFParserTest" time="0.031"/>
  <testcase name="testPageNumber" classname="org.apache.tika.parser.pdf.PDFParserTest" time="0.016"/>
  <testcase name="testDiffTitles" classname="org.apache.tika.parser.pdf.PDFParserTest" time="0.015"/>
  <testcase name="testAccessCheckingOwnerPassword" classname="org.apache.tika.parser.pdf.PDFParserTest" time="0.156"/>
  <testcase name="testXFAOnly" classname="org.apache.tika.parser.pdf.PDFParserTest" time="0.016"/>
  <testcase name="testPdfParsing" classname="org.apache.tika.parser.pdf.PDFParserTest" time="0.031"/>
  <testcase name="testInlineConfig" classname="org.apache.tika.parser.pdf.PDFParserTest" time="1.954"/>
  <testcase name="testProtectedPDF" classname="org.apache.tika.parser.pdf.PDFParserTest" time="0.359"/>
  <testcase name="testMultipleAuthors" classname="org.apache.tika.parser.pdf.PDFParserTest" time="0.016"/>
  <testcase name="testEmbeddedDocsWithOCROnly" classname="org.apache.tika.parser.pdf.PDFParserTest" time="0"/>
  <testcase name="testPdfParsingMetadataOnly" classname="org.apache.tika.parser.pdf.PDFParserTest" time="0.031"/>
  <testcase name="testPopupAnnotation" classname="org.apache.tika.parser.pdf.PDFParserTest" time="0.016"/>
  <testcase name="testTurningOffBookmarks" classname="org.apache.tika.parser.pdf.PDFParserTest" time="0.031"/>
  <testcase name="testEmbeddedFilesInChildren" classname="org.apache.tika.parser.pdf.PDFParserTest" time="2.194"/>
  <testcase name="testAccessCheckingUserPassword" classname="org.apache.tika.parser.pdf.PDFParserTest" time="0.063"/>
  <testcase name="testEmbeddedJBIG2Image" classname="org.apache.tika.parser.pdf.PDFParserTest" time="0.046"/>
  <testcase name="testSkipBadPage" classname="org.apache.tika.parser.pdf.PDFParserTest" time="0.297"/>
</testsuite>